<?xml version="1.0" encoding="UTF-8"?>
<testng-results ignored="0" total="22" passed="19" failed="3" skipped="0">
  <reporter-output>
  </reporter-output>
  <suite started-at="2022-08-06T07:14:57 AST" name="Surefire suite" finished-at="2022-08-06T07:17:06 AST" duration-ms="129368">
    <groups>
      <group name="cucumber">
        <method signature="AbstractTestNGCucumberTests.runScenario(io.cucumber.testng.PickleWrapper,io.cucumber.testng.FeatureWrapper)[pri:0, instance:org.example.TestRunner.Runners@38c5cc4c]" name="runScenario" class="io.cucumber.testng.AbstractTestNGCucumberTests"/>
      </group> <!-- cucumber -->
    </groups>
    <test started-at="2022-08-06T07:14:57 AST" name="Surefire test" finished-at="2022-08-06T07:17:06 AST" duration-ms="129368">
      <class name="org.example.TestRunner.Runners">
        <test-method is-config="true" signature="setUpClass(org.testng.ITestContext)[pri:0, instance:org.example.TestRunner.Runners@38c5cc4c]" started-at="2022-08-06T07:14:57 AST" name="setUpClass" finished-at="2022-08-06T07:14:57 AST" duration-ms="411" status="PASS">
          <params>
            <param index="0">
              <value>
                <![CDATA[org.testng.TestRunner@28dacf31]]>
              </value>
            </param>
          </params>
          <reporter-output>
          </reporter-output>
        </test-method> <!-- setUpClass -->
        <test-method signature="runScenario(io.cucumber.testng.PickleWrapper,io.cucumber.testng.FeatureWrapper)[pri:0, instance:org.example.TestRunner.Runners@38c5cc4c]" started-at="2022-08-06T07:14:57 AST" name="runScenario" description="Runs Cucumber Scenarios" data-provider="scenarios" finished-at="2022-08-06T07:15:05 AST" duration-ms="7772" status="PASS">
          <params>
            <param index="0">
              <value>
                <![CDATA["new visitors register with valid data"]]>
              </value>
            </param>
            <param index="1">
              <value>
                <![CDATA["user could register"]]>
              </value>
            </param>
          </params>
          <reporter-output>
          </reporter-output>
        </test-method> <!-- runScenario -->
        <test-method signature="runScenario(io.cucumber.testng.PickleWrapper,io.cucumber.testng.FeatureWrapper)[pri:0, instance:org.example.TestRunner.Runners@38c5cc4c]" started-at="2022-08-06T07:15:05 AST" name="runScenario" description="Runs Cucumber Scenarios" data-provider="scenarios" finished-at="2022-08-06T07:15:11 AST" duration-ms="6433" status="PASS">
          <params>
            <param index="0">
              <value>
                <![CDATA["user logs in with registered email and password"]]>
              </value>
            </param>
            <param index="1">
              <value>
                <![CDATA["registered user must be able to log in"]]>
              </value>
            </param>
          </params>
          <reporter-output>
          </reporter-output>
        </test-method> <!-- runScenario -->
        <test-method signature="runScenario(io.cucumber.testng.PickleWrapper,io.cucumber.testng.FeatureWrapper)[pri:0, instance:org.example.TestRunner.Runners@38c5cc4c]" started-at="2022-08-06T07:15:11 AST" name="runScenario" description="Runs Cucumber Scenarios" data-provider="scenarios" finished-at="2022-08-06T07:15:17 AST" duration-ms="6259" status="PASS">
          <params>
            <param index="0">
              <value>
                <![CDATA["user log in with invalid account data"]]>
              </value>
            </param>
            <param index="1">
              <value>
                <![CDATA["registered user must be able to log in"]]>
              </value>
            </param>
          </params>
          <reporter-output>
          </reporter-output>
        </test-method> <!-- runScenario -->
        <test-method signature="runScenario(io.cucumber.testng.PickleWrapper,io.cucumber.testng.FeatureWrapper)[pri:0, instance:org.example.TestRunner.Runners@38c5cc4c]" started-at="2022-08-06T07:15:17 AST" name="runScenario" description="Runs Cucumber Scenarios" data-provider="scenarios" finished-at="2022-08-06T07:15:24 AST" duration-ms="6154" status="PASS">
          <params>
            <param index="0">
              <value>
                <![CDATA["user forgets password"]]>
              </value>
            </param>
            <param index="1">
              <value>
                <![CDATA["registered user must be able to log in"]]>
              </value>
            </param>
          </params>
          <reporter-output>
          </reporter-output>
        </test-method> <!-- runScenario -->
        <test-method signature="runScenario(io.cucumber.testng.PickleWrapper,io.cucumber.testng.FeatureWrapper)[pri:0, instance:org.example.TestRunner.Runners@38c5cc4c]" started-at="2022-08-06T07:15:24 AST" name="runScenario" description="Runs Cucumber Scenarios" data-provider="scenarios" finished-at="2022-08-06T07:15:29 AST" duration-ms="4872" status="PASS">
          <params>
            <param index="0">
              <value>
                <![CDATA["user could search by name"]]>
              </value>
            </param>
            <param index="1">
              <value>
                <![CDATA["logged user should be able to search for products either by name or SKU"]]>
              </value>
            </param>
          </params>
          <reporter-output>
          </reporter-output>
        </test-method> <!-- runScenario -->
        <test-method signature="runScenario(io.cucumber.testng.PickleWrapper,io.cucumber.testng.FeatureWrapper)[pri:0, instance:org.example.TestRunner.Runners@38c5cc4c]" started-at="2022-08-06T07:15:29 AST" name="runScenario" description="Runs Cucumber Scenarios" data-provider="scenarios" finished-at="2022-08-06T07:15:34 AST" duration-ms="5465" status="PASS">
          <params>
            <param index="0">
              <value>
                <![CDATA["user could search by name"]]>
              </value>
            </param>
            <param index="1">
              <value>
                <![CDATA["logged user should be able to search for products either by name or SKU"]]>
              </value>
            </param>
          </params>
          <reporter-output>
          </reporter-output>
        </test-method> <!-- runScenario -->
        <test-method signature="runScenario(io.cucumber.testng.PickleWrapper,io.cucumber.testng.FeatureWrapper)[pri:0, instance:org.example.TestRunner.Runners@38c5cc4c]" started-at="2022-08-06T07:15:34 AST" name="runScenario" description="Runs Cucumber Scenarios" data-provider="scenarios" finished-at="2022-08-06T07:15:39 AST" duration-ms="4941" status="PASS">
          <params>
            <param index="0">
              <value>
                <![CDATA["user could search by name"]]>
              </value>
            </param>
            <param index="1">
              <value>
                <![CDATA["logged user should be able to search for products either by name or SKU"]]>
              </value>
            </param>
          </params>
          <reporter-output>
          </reporter-output>
        </test-method> <!-- runScenario -->
        <test-method signature="runScenario(io.cucumber.testng.PickleWrapper,io.cucumber.testng.FeatureWrapper)[pri:0, instance:org.example.TestRunner.Runners@38c5cc4c]" started-at="2022-08-06T07:15:39 AST" name="runScenario" description="Runs Cucumber Scenarios" data-provider="scenarios" finished-at="2022-08-06T07:15:45 AST" duration-ms="6530" status="PASS">
          <params>
            <param index="0">
              <value>
                <![CDATA["user could search by SKU"]]>
              </value>
            </param>
            <param index="1">
              <value>
                <![CDATA["logged user should be able to search for products either by name or SKU"]]>
              </value>
            </param>
          </params>
          <reporter-output>
          </reporter-output>
        </test-method> <!-- runScenario -->
        <test-method signature="runScenario(io.cucumber.testng.PickleWrapper,io.cucumber.testng.FeatureWrapper)[pri:0, instance:org.example.TestRunner.Runners@38c5cc4c]" started-at="2022-08-06T07:15:45 AST" name="runScenario" description="Runs Cucumber Scenarios" data-provider="scenarios" finished-at="2022-08-06T07:15:51 AST" duration-ms="5563" status="PASS">
          <params>
            <param index="0">
              <value>
                <![CDATA["user could search by SKU"]]>
              </value>
            </param>
            <param index="1">
              <value>
                <![CDATA["logged user should be able to search for products either by name or SKU"]]>
              </value>
            </param>
          </params>
          <reporter-output>
          </reporter-output>
        </test-method> <!-- runScenario -->
        <test-method signature="runScenario(io.cucumber.testng.PickleWrapper,io.cucumber.testng.FeatureWrapper)[pri:0, instance:org.example.TestRunner.Runners@38c5cc4c]" started-at="2022-08-06T07:15:51 AST" name="runScenario" description="Runs Cucumber Scenarios" data-provider="scenarios" finished-at="2022-08-06T07:15:58 AST" duration-ms="6788" status="PASS">
          <params>
            <param index="0">
              <value>
                <![CDATA["user could search by SKU"]]>
              </value>
            </param>
            <param index="1">
              <value>
                <![CDATA["logged user should be able to search for products either by name or SKU"]]>
              </value>
            </param>
          </params>
          <reporter-output>
          </reporter-output>
        </test-method> <!-- runScenario -->
        <test-method signature="runScenario(io.cucumber.testng.PickleWrapper,io.cucumber.testng.FeatureWrapper)[pri:0, instance:org.example.TestRunner.Runners@38c5cc4c]" started-at="2022-08-06T07:15:58 AST" name="runScenario" description="Runs Cucumber Scenarios" data-provider="scenarios" finished-at="2022-08-06T07:16:02 AST" duration-ms="4394" status="PASS">
          <params>
            <param index="0">
              <value>
                <![CDATA["user could change currency from USD to Euro"]]>
              </value>
            </param>
            <param index="1">
              <value>
                <![CDATA["user could change currency"]]>
              </value>
            </param>
          </params>
          <reporter-output>
          </reporter-output>
        </test-method> <!-- runScenario -->
        <test-method signature="runScenario(io.cucumber.testng.PickleWrapper,io.cucumber.testng.FeatureWrapper)[pri:0, instance:org.example.TestRunner.Runners@38c5cc4c]" started-at="2022-08-06T07:16:02 AST" name="runScenario" description="Runs Cucumber Scenarios" data-provider="scenarios" finished-at="2022-08-06T07:16:08 AST" duration-ms="5401" status="PASS">
          <params>
            <param index="0">
              <value>
                <![CDATA["user hover on a main category and select a sub-category from it"]]>
              </value>
            </param>
            <param index="1">
              <value>
                <![CDATA["user should be able to select sub-category from the main categories"]]>
              </value>
            </param>
          </params>
          <reporter-output>
          </reporter-output>
        </test-method> <!-- runScenario -->
        <test-method signature="runScenario(io.cucumber.testng.PickleWrapper,io.cucumber.testng.FeatureWrapper)[pri:0, instance:org.example.TestRunner.Runners@38c5cc4c]" started-at="2022-08-06T07:16:08 AST" name="runScenario" description="Runs Cucumber Scenarios" data-provider="scenarios" finished-at="2022-08-06T07:16:13 AST" duration-ms="5261" status="PASS">
          <params>
            <param index="0">
              <value>
                <![CDATA["user filters shoes by color"]]>
              </value>
            </param>
            <param index="1">
              <value>
                <![CDATA["user should be able to filter products by color"]]>
              </value>
            </param>
          </params>
          <reporter-output>
          </reporter-output>
        </test-method> <!-- runScenario -->
        <test-method signature="runScenario(io.cucumber.testng.PickleWrapper,io.cucumber.testng.FeatureWrapper)[pri:0, instance:org.example.TestRunner.Runners@38c5cc4c]" started-at="2022-08-06T07:16:13 AST" name="runScenario" description="Runs Cucumber Scenarios" data-provider="scenarios" finished-at="2022-08-06T07:16:22 AST" duration-ms="8719" status="PASS">
          <params>
            <param index="0">
              <value>
                <![CDATA["user could select any tag for a product"]]>
              </value>
            </param>
            <param index="1">
              <value>
                <![CDATA["user could select different tags"]]>
              </value>
            </param>
          </params>
          <reporter-output>
          </reporter-output>
        </test-method> <!-- runScenario -->
        <test-method signature="runScenario(io.cucumber.testng.PickleWrapper,io.cucumber.testng.FeatureWrapper)[pri:0, instance:org.example.TestRunner.Runners@38c5cc4c]" started-at="2022-08-06T07:16:22 AST" name="runScenario" description="Runs Cucumber Scenarios" data-provider="scenarios" finished-at="2022-08-06T07:16:26 AST" duration-ms="4119" status="FAIL">
          <params>
            <param index="0">
              <value>
                <![CDATA["user could navigate through first banner on the slider to specific location"]]>
              </value>
            </param>
            <param index="1">
              <value>
                <![CDATA["user navigates through home slider"]]>
              </value>
            </param>
          </params>
          <exception class="java.lang.AssertionError">
            <message>
              <![CDATA[The following asserts failed:
first banner URL is wrong! expected [https://demo.nopcommerce.com/nokia-lumia-1020] but found [https://demo.nopcommerce.com/]]]>
            </message>
            <full-stacktrace>
              <![CDATA[java.lang.AssertionError: The following asserts failed:
first banner URL is wrong! expected [https://demo.nopcommerce.com/nokia-lumia-1020] but found [https://demo.nopcommerce.com/]
at org.testng.asserts.SoftAssert.assertAll(SoftAssert.java:46)
at org.testng.asserts.SoftAssert.assertAll(SoftAssert.java:30)
at org.example.stepDefinitions.SD08_HomeSlider.firstBannerNavigation(SD08_HomeSlider.java:31)
at ✽.user is directed to nokia page(file:///C:/Users/asmaa/IdeaProjects/NOP_EcommerceDemo/src/main/resources/features/F08_Slider.feature:6)
]]>
            </full-stacktrace>
          </exception> <!-- java.lang.AssertionError -->
          <reporter-output>
          </reporter-output>
        </test-method> <!-- runScenario -->
        <test-method signature="runScenario(io.cucumber.testng.PickleWrapper,io.cucumber.testng.FeatureWrapper)[pri:0, instance:org.example.TestRunner.Runners@38c5cc4c]" started-at="2022-08-06T07:16:26 AST" name="runScenario" description="Runs Cucumber Scenarios" data-provider="scenarios" finished-at="2022-08-06T07:16:30 AST" duration-ms="3938" status="FAIL">
          <params>
            <param index="0">
              <value>
                <![CDATA["user could go to second banner and navigate through it"]]>
              </value>
            </param>
            <param index="1">
              <value>
                <![CDATA["user navigates through home slider"]]>
              </value>
            </param>
          </params>
          <exception class="java.lang.AssertionError">
            <message>
              <![CDATA[The following asserts failed:
second banner URL wrong!! expected [https://demo.nopcommerce.com/iphone-6] but found [https://demo.nopcommerce.com/]]]>
            </message>
            <full-stacktrace>
              <![CDATA[java.lang.AssertionError: The following asserts failed:
second banner URL wrong!! expected [https://demo.nopcommerce.com/iphone-6] but found [https://demo.nopcommerce.com/]
at org.testng.asserts.SoftAssert.assertAll(SoftAssert.java:46)
at org.testng.asserts.SoftAssert.assertAll(SoftAssert.java:30)
at org.example.stepDefinitions.SD08_HomeSlider.secondBannerNavigation(SD08_HomeSlider.java:57)
at ✽.user is directed to iphone page(file:///C:/Users/asmaa/IdeaProjects/NOP_EcommerceDemo/src/main/resources/features/F08_Slider.feature:11)
]]>
            </full-stacktrace>
          </exception> <!-- java.lang.AssertionError -->
          <reporter-output>
          </reporter-output>
        </test-method> <!-- runScenario -->
        <test-method signature="runScenario(io.cucumber.testng.PickleWrapper,io.cucumber.testng.FeatureWrapper)[pri:0, instance:org.example.TestRunner.Runners@38c5cc4c]" started-at="2022-08-06T07:16:30 AST" name="runScenario" description="Runs Cucumber Scenarios" data-provider="scenarios" finished-at="2022-08-06T07:16:35 AST" duration-ms="5224" status="PASS">
          <params>
            <param index="0">
              <value>
                <![CDATA["user could follow on facebook"]]>
              </value>
            </param>
            <param index="1">
              <value>
                <![CDATA["user could follow NOP E-commerce on multiple media sites"]]>
              </value>
            </param>
          </params>
          <reporter-output>
          </reporter-output>
        </test-method> <!-- runScenario -->
        <test-method signature="runScenario(io.cucumber.testng.PickleWrapper,io.cucumber.testng.FeatureWrapper)[pri:0, instance:org.example.TestRunner.Runners@38c5cc4c]" started-at="2022-08-06T07:16:35 AST" name="runScenario" description="Runs Cucumber Scenarios" data-provider="scenarios" finished-at="2022-08-06T07:16:40 AST" duration-ms="5496" status="PASS">
          <params>
            <param index="0">
              <value>
                <![CDATA["user could follow on twitter"]]>
              </value>
            </param>
            <param index="1">
              <value>
                <![CDATA["user could follow NOP E-commerce on multiple media sites"]]>
              </value>
            </param>
          </params>
          <reporter-output>
          </reporter-output>
        </test-method> <!-- runScenario -->
        <test-method signature="runScenario(io.cucumber.testng.PickleWrapper,io.cucumber.testng.FeatureWrapper)[pri:0, instance:org.example.TestRunner.Runners@38c5cc4c]" started-at="2022-08-06T07:16:40 AST" name="runScenario" description="Runs Cucumber Scenarios" data-provider="scenarios" finished-at="2022-08-06T07:16:50 AST" duration-ms="9188" status="FAIL">
          <params>
            <param index="0">
              <value>
                <![CDATA["user could follow on ssr"]]>
              </value>
            </param>
            <param index="1">
              <value>
                <![CDATA["user could follow NOP E-commerce on multiple media sites"]]>
              </value>
            </param>
          </params>
          <exception class="org.openqa.selenium.TimeoutException">
            <message>
              <![CDATA[Expected condition failed: waiting for number of open windows to be 2 (tried for 5 second(s) with 500 milliseconds interval)
Build info: version: '4.3.0', revision: 'a4995e2c09*'
System info: host: 'ASMAA', ip: '192.168.1.3', os.name: 'Windows 11', os.arch: 'amd64', os.version: '10.0', java.version: '18.0.1.1'
Driver info: org.openqa.selenium.chrome.ChromeDriver
Capabilities {acceptInsecureCerts: false, browserName: chrome, browserVersion: 104.0.5112.80, chrome: {chromedriverVersion: 103.0.5060.134 (8ec6fce403b..., userDataDir: C:\Users\asmaa\AppData\Loca...}, goog:chromeOptions: {debuggerAddress: localhost:8283}, networkConnectionEnabled: false, pageLoadStrategy: normal, platformName: WINDOWS, proxy: Proxy(), se:cdp: ws://localhost:8283/devtool..., se:cdpVersion: 104.0.5112.80, setWindowRect: true, strictFileInteractability: false, timeouts: {implicit: 0, pageLoad: 300000, script: 30000}, unhandledPromptBehavior: dismiss and notify, webauthn:extension:credBlob: true, webauthn:extension:largeBlob: true, webauthn:virtualAuthenticators: true}
Session ID: bc369977c118f53544308d202927dd17]]>
            </message>
            <full-stacktrace>
              <![CDATA[org.openqa.selenium.TimeoutException: Expected condition failed: waiting for number of open windows to be 2 (tried for 5 second(s) with 500 milliseconds interval)
Build info: version: '4.3.0', revision: 'a4995e2c09*'
System info: host: 'ASMAA', ip: '192.168.1.3', os.name: 'Windows 11', os.arch: 'amd64', os.version: '10.0', java.version: '18.0.1.1'
Driver info: org.openqa.selenium.chrome.ChromeDriver
Capabilities {acceptInsecureCerts: false, browserName: chrome, browserVersion: 104.0.5112.80, chrome: {chromedriverVersion: 103.0.5060.134 (8ec6fce403b..., userDataDir: C:\Users\asmaa\AppData\Loca...}, goog:chromeOptions: {debuggerAddress: localhost:8283}, networkConnectionEnabled: false, pageLoadStrategy: normal, platformName: WINDOWS, proxy: Proxy(), se:cdp: ws://localhost:8283/devtool..., se:cdpVersion: 104.0.5112.80, setWindowRect: true, strictFileInteractability: false, timeouts: {implicit: 0, pageLoad: 300000, script: 30000}, unhandledPromptBehavior: dismiss and notify, webauthn:extension:credBlob: true, webauthn:extension:largeBlob: true, webauthn:virtualAuthenticators: true}
Session ID: bc369977c118f53544308d202927dd17
at org.openqa.selenium.support.ui.WebDriverWait.timeoutException(WebDriverWait.java:87)
at org.openqa.selenium.support.ui.FluentWait.until(FluentWait.java:231)
at org.example.stepDefinitions.SD09_FollowUs.goToRSS(SD09_FollowUs.java:68)
at ✽.user is directed to rss "https://demo.nopcommerce.com/new-online-store-is-open"(file:///C:/Users/asmaa/IdeaProjects/NOP_EcommerceDemo/src/main/resources/features/F09_FollowUs.feature:14)
]]>
            </full-stacktrace>
          </exception> <!-- org.openqa.selenium.TimeoutException -->
          <reporter-output>
          </reporter-output>
        </test-method> <!-- runScenario -->
        <test-method signature="runScenario(io.cucumber.testng.PickleWrapper,io.cucumber.testng.FeatureWrapper)[pri:0, instance:org.example.TestRunner.Runners@38c5cc4c]" started-at="2022-08-06T07:16:50 AST" name="runScenario" description="Runs Cucumber Scenarios" data-provider="scenarios" finished-at="2022-08-06T07:16:56 AST" duration-ms="6167" status="PASS">
          <params>
            <param index="0">
              <value>
                <![CDATA["user could follow on youtube"]]>
              </value>
            </param>
            <param index="1">
              <value>
                <![CDATA["user could follow NOP E-commerce on multiple media sites"]]>
              </value>
            </param>
          </params>
          <reporter-output>
          </reporter-output>
        </test-method> <!-- runScenario -->
        <test-method signature="runScenario(io.cucumber.testng.PickleWrapper,io.cucumber.testng.FeatureWrapper)[pri:0, instance:org.example.TestRunner.Runners@38c5cc4c]" started-at="2022-08-06T07:16:56 AST" name="runScenario" description="Runs Cucumber Scenarios" data-provider="scenarios" finished-at="2022-08-06T07:17:00 AST" duration-ms="4373" status="PASS">
          <params>
            <param index="0">
              <value>
                <![CDATA["user could add item to wishlist and see success message"]]>
              </value>
            </param>
            <param index="1">
              <value>
                <![CDATA["user could add an item to the wishlist"]]>
              </value>
            </param>
          </params>
          <reporter-output>
          </reporter-output>
        </test-method> <!-- runScenario -->
        <test-method signature="runScenario(io.cucumber.testng.PickleWrapper,io.cucumber.testng.FeatureWrapper)[pri:0, instance:org.example.TestRunner.Runners@38c5cc4c]" started-at="2022-08-06T07:17:00 AST" name="runScenario" description="Runs Cucumber Scenarios" data-provider="scenarios" finished-at="2022-08-06T07:17:06 AST" duration-ms="5715" status="PASS">
          <params>
            <param index="0">
              <value>
                <![CDATA["user could add item to wishlist and check the wish list"]]>
              </value>
            </param>
            <param index="1">
              <value>
                <![CDATA["user could add an item to the wishlist"]]>
              </value>
            </param>
          </params>
          <reporter-output>
          </reporter-output>
        </test-method> <!-- runScenario -->
        <test-method is-config="true" signature="tearDownClass()[pri:0, instance:org.example.TestRunner.Runners@38c5cc4c]" started-at="2022-08-06T07:17:06 AST" name="tearDownClass" finished-at="2022-08-06T07:17:06 AST" duration-ms="146" status="PASS">
          <reporter-output>
          </reporter-output>
        </test-method> <!-- tearDownClass -->
      </class> <!-- org.example.TestRunner.Runners -->
    </test> <!-- Surefire test -->
  </suite> <!-- Surefire suite -->
</testng-results>
